Analysis & Synthesis report for digital_clock
Fri May 19 11:51:22 2023
Quartus Prime Version 18.1.0 Build 625 09/12/2018 SJ Standard Edition


---------------------
; Table of Contents ;
---------------------
  1. Legal Notice
  2. Analysis & Synthesis Summary
  3. Analysis & Synthesis Settings
  4. Parallel Compilation
  5. Analysis & Synthesis Source Files Read
  6. Analysis & Synthesis Resource Usage Summary
  7. Analysis & Synthesis Resource Utilization by Entity
  8. Registers Removed During Synthesis
  9. General Register Statistics
 10. Inverted Register Statistics
 11. Multiplexer Restructuring Statistics (Restructuring Performed)
 12. Parameter Settings for User Entity Instance: Top-level Entity: |digital_clock
 13. Parameter Settings for User Entity Instance: counter:u_counter
 14. Parameter Settings for User Entity Instance: seg_driver:u_seg_driver
 15. Parameter Settings for Inferred Entity Instance: counter:u_counter|lpm_divide:Div0
 16. Parameter Settings for Inferred Entity Instance: seg_driver:u_seg_driver|lpm_divide:Div2
 17. Parameter Settings for Inferred Entity Instance: seg_driver:u_seg_driver|lpm_divide:Mod2
 18. Parameter Settings for Inferred Entity Instance: counter:u_counter|lpm_divide:Mod0
 19. Parameter Settings for Inferred Entity Instance: counter:u_counter|lpm_divide:Div1
 20. Parameter Settings for Inferred Entity Instance: seg_driver:u_seg_driver|lpm_divide:Div1
 21. Parameter Settings for Inferred Entity Instance: seg_driver:u_seg_driver|lpm_divide:Mod1
 22. Parameter Settings for Inferred Entity Instance: counter:u_counter|lpm_divide:Mod1
 23. Parameter Settings for Inferred Entity Instance: seg_driver:u_seg_driver|lpm_divide:Div0
 24. Parameter Settings for Inferred Entity Instance: seg_driver:u_seg_driver|lpm_divide:Mod0
 25. Post-Synthesis Netlist Statistics for Top Partition
 26. Elapsed Time Per Partition
 27. Analysis & Synthesis Messages



----------------
; Legal Notice ;
----------------
Copyright (C) 2018  Intel Corporation. All rights reserved.
Your use of Intel Corporation's design tools, logic functions 
and other software and tools, and its AMPP partner logic 
functions, and any output files from any of the foregoing 
(including device programming or simulation files), and any 
associated documentation or information are expressly subject 
to the terms and conditions of the Intel Program License 
Subscription Agreement, the Intel Quartus Prime License Agreement,
the Intel FPGA IP License Agreement, or other applicable license
agreement, including, without limitation, that your use is for
the sole purpose of programming logic devices manufactured by
Intel and sold by Intel or its authorized distributors.  Please
refer to the applicable agreement for further details.



+--------------------------------------------------------------------------------------+
; Analysis & Synthesis Summary                                                         ;
+------------------------------------+-------------------------------------------------+
; Analysis & Synthesis Status        ; Successful - Fri May 19 11:51:22 2023           ;
; Quartus Prime Version              ; 18.1.0 Build 625 09/12/2018 SJ Standard Edition ;
; Revision Name                      ; digital_clock                                   ;
; Top-level Entity Name              ; digital_clock                                   ;
; Family                             ; Cyclone IV E                                    ;
; Total logic elements               ; 964                                             ;
;     Total combinational functions  ; 958                                             ;
;     Dedicated logic registers      ; 66                                              ;
; Total registers                    ; 66                                              ;
; Total pins                         ; 18                                              ;
; Total virtual pins                 ; 0                                               ;
; Total memory bits                  ; 0                                               ;
; Embedded Multiplier 9-bit elements ; 0                                               ;
; Total PLLs                         ; 0                                               ;
+------------------------------------+-------------------------------------------------+


+------------------------------------------------------------------------------------------------------------+
; Analysis & Synthesis Settings                                                                              ;
+------------------------------------------------------------------+--------------------+--------------------+
; Option                                                           ; Setting            ; Default Value      ;
+------------------------------------------------------------------+--------------------+--------------------+
; Device                                                           ; EP4CE6E22C8        ;                    ;
; Top-level entity name                                            ; digital_clock      ; digital_clock      ;
; Family name                                                      ; Cyclone IV E       ; Cyclone V          ;
; Use smart compilation                                            ; Off                ; Off                ;
; Enable parallel Assembler and Timing Analyzer during compilation ; On                 ; On                 ;
; Enable compact report table                                      ; Off                ; Off                ;
; Restructure Multiplexers                                         ; Auto               ; Auto               ;
; Create Debugging Nodes for IP Cores                              ; Off                ; Off                ;
; Preserve fewer node names                                        ; On                 ; On                 ;
; Intel FPGA IP Evaluation Mode                                    ; Enable             ; Enable             ;
; Verilog Version                                                  ; Verilog_2001       ; Verilog_2001       ;
; VHDL Version                                                     ; VHDL_1993          ; VHDL_1993          ;
; State Machine Processing                                         ; Auto               ; Auto               ;
; Safe State Machine                                               ; Off                ; Off                ;
; Extract Verilog State Machines                                   ; On                 ; On                 ;
; Extract VHDL State Machines                                      ; On                 ; On                 ;
; Ignore Verilog initial constructs                                ; Off                ; Off                ;
; Iteration limit for constant Verilog loops                       ; 5000               ; 5000               ;
; Iteration limit for non-constant Verilog loops                   ; 250                ; 250                ;
; Add Pass-Through Logic to Inferred RAMs                          ; On                 ; On                 ;
; Infer RAMs from Raw Logic                                        ; On                 ; On                 ;
; Parallel Synthesis                                               ; On                 ; On                 ;
; DSP Block Balancing                                              ; Auto               ; Auto               ;
; NOT Gate Push-Back                                               ; On                 ; On                 ;
; Power-Up Don't Care                                              ; On                 ; On                 ;
; Remove Redundant Logic Cells                                     ; Off                ; Off                ;
; Remove Duplicate Registers                                       ; On                 ; On                 ;
; Ignore CARRY Buffers                                             ; Off                ; Off                ;
; Ignore CASCADE Buffers                                           ; Off                ; Off                ;
; Ignore GLOBAL Buffers                                            ; Off                ; Off                ;
; Ignore ROW GLOBAL Buffers                                        ; Off                ; Off                ;
; Ignore LCELL Buffers                                             ; Off                ; Off                ;
; Ignore SOFT Buffers                                              ; On                 ; On                 ;
; Limit AHDL Integers to 32 Bits                                   ; Off                ; Off                ;
; Optimization Technique                                           ; Balanced           ; Balanced           ;
; Carry Chain Length                                               ; 70                 ; 70                 ;
; Auto Carry Chains                                                ; On                 ; On                 ;
; Auto Open-Drain Pins                                             ; On                 ; On                 ;
; Perform WYSIWYG Primitive Resynthesis                            ; Off                ; Off                ;
; Auto ROM Replacement                                             ; On                 ; On                 ;
; Auto RAM Replacement                                             ; On                 ; On                 ;
; Auto DSP Block Replacement                                       ; On                 ; On                 ;
; Auto Shift Register Replacement                                  ; Auto               ; Auto               ;
; Allow Shift Register Merging across Hierarchies                  ; Auto               ; Auto               ;
; Auto Clock Enable Replacement                                    ; On                 ; On                 ;
; Strict RAM Replacement                                           ; Off                ; Off                ;
; Allow Synchronous Control Signals                                ; On                 ; On                 ;
; Force Use of Synchronous Clear Signals                           ; Off                ; Off                ;
; Auto RAM Block Balancing                                         ; On                 ; On                 ;
; Auto RAM to Logic Cell Conversion                                ; Off                ; Off                ;
; Auto Resource Sharing                                            ; Off                ; Off                ;
; Allow Any RAM Size For Recognition                               ; Off                ; Off                ;
; Allow Any ROM Size For Recognition                               ; Off                ; Off                ;
; Allow Any Shift Register Size For Recognition                    ; Off                ; Off                ;
; Use LogicLock Constraints during Resource Balancing              ; On                 ; On                 ;
; Ignore translate_off and synthesis_off directives                ; Off                ; Off                ;
; Timing-Driven Synthesis                                          ; On                 ; On                 ;
; Report Parameter Settings                                        ; On                 ; On                 ;
; Report Source Assignments                                        ; On                 ; On                 ;
; Report Connectivity Checks                                       ; On                 ; On                 ;
; Ignore Maximum Fan-Out Assignments                               ; Off                ; Off                ;
; Synchronization Register Chain Length                            ; 2                  ; 2                  ;
; Power Optimization During Synthesis                              ; Normal compilation ; Normal compilation ;
; HDL message level                                                ; Level2             ; Level2             ;
; Suppress Register Optimization Related Messages                  ; Off                ; Off                ;
; Number of Removed Registers Reported in Synthesis Report         ; 5000               ; 5000               ;
; Number of Swept Nodes Reported in Synthesis Report               ; 5000               ; 5000               ;
; Number of Inverted Registers Reported in Synthesis Report        ; 100                ; 100                ;
; Clock MUX Protection                                             ; On                 ; On                 ;
; Auto Gated Clock Conversion                                      ; Off                ; Off                ;
; Block Design Naming                                              ; Auto               ; Auto               ;
; SDC constraint protection                                        ; Off                ; Off                ;
; Synthesis Effort                                                 ; Auto               ; Auto               ;
; Shift Register Replacement - Allow Asynchronous Clear Signal     ; On                 ; On                 ;
; Pre-Mapping Resynthesis Optimization                             ; Off                ; Off                ;
; Analysis & Synthesis Message Level                               ; Medium             ; Medium             ;
; Disable Register Merging Across Hierarchies                      ; Auto               ; Auto               ;
; Resource Aware Inference For Block RAM                           ; On                 ; On                 ;
+------------------------------------------------------------------+--------------------+--------------------+


+------------------------------------------+
; Parallel Compilation                     ;
+----------------------------+-------------+
; Processors                 ; Number      ;
+----------------------------+-------------+
; Number detected on machine ; 16          ;
; Maximum allowed            ; 8           ;
;                            ;             ;
; Average used               ; 1.00        ;
; Maximum used               ; 8           ;
;                            ;             ;
; Usage by Processor         ; % Time Used ;
;     Processor 1            ; 100.0%      ;
;     Processor 2            ;   0.0%      ;
;     Processor 3            ;   0.0%      ;
;     Processor 4            ;   0.0%      ;
;     Processor 5            ;   0.0%      ;
;     Processor 6            ;   0.0%      ;
;     Processor 7            ;   0.0%      ;
;     Processor 8            ;   0.0%      ;
+----------------------------+-------------+


+-----------------------------------------------------------------------------------------------------------------------------------------------------------------------------------------+
; Analysis & Synthesis Source Files Read                                                                                                                                                  ;
+----------------------------------+-----------------+------------------------------+-------------------------------------------------------------------------------------------+---------+
; File Name with User-Entered Path ; Used in Netlist ; File Type                    ; File Name with Absolute Path                                                              ; Library ;
+----------------------------------+-----------------+------------------------------+-------------------------------------------------------------------------------------------+---------+
; ../src/seg_driver.v              ; yes             ; User Verilog HDL File        ; D:/code-file/FPGA/HC_SR041/seg/src/seg_driver.v                                           ;         ;
; ../src/digital_clock.v           ; yes             ; User Verilog HDL File        ; D:/code-file/FPGA/HC_SR041/seg/src/digital_clock.v                                        ;         ;
; ../src/counter.v                 ; yes             ; User Verilog HDL File        ; D:/code-file/FPGA/HC_SR041/seg/src/counter.v                                              ;         ;
; lpm_divide.tdf                   ; yes             ; Megafunction                 ; d:/environment/ide/quartus_18.1.0.625/quartus/libraries/megafunctions/lpm_divide.tdf      ;         ;
; abs_divider.inc                  ; yes             ; Megafunction                 ; d:/environment/ide/quartus_18.1.0.625/quartus/libraries/megafunctions/abs_divider.inc     ;         ;
; sign_div_unsign.inc              ; yes             ; Megafunction                 ; d:/environment/ide/quartus_18.1.0.625/quartus/libraries/megafunctions/sign_div_unsign.inc ;         ;
; aglobal181.inc                   ; yes             ; Megafunction                 ; d:/environment/ide/quartus_18.1.0.625/quartus/libraries/megafunctions/aglobal181.inc      ;         ;
; db/lpm_divide_ikm.tdf            ; yes             ; Auto-Generated Megafunction  ; D:/code-file/FPGA/HC_SR041/seg/prj/db/lpm_divide_ikm.tdf                                  ;         ;
; db/sign_div_unsign_anh.tdf       ; yes             ; Auto-Generated Megafunction  ; D:/code-file/FPGA/HC_SR041/seg/prj/db/sign_div_unsign_anh.tdf                             ;         ;
; db/alt_u_div_8af.tdf             ; yes             ; Auto-Generated Megafunction  ; D:/code-file/FPGA/HC_SR041/seg/prj/db/alt_u_div_8af.tdf                                   ;         ;
; db/add_sub_7pc.tdf               ; yes             ; Auto-Generated Megafunction  ; D:/code-file/FPGA/HC_SR041/seg/prj/db/add_sub_7pc.tdf                                     ;         ;
; db/add_sub_8pc.tdf               ; yes             ; Auto-Generated Megafunction  ; D:/code-file/FPGA/HC_SR041/seg/prj/db/add_sub_8pc.tdf                                     ;         ;
; db/lpm_divide_ghm.tdf            ; yes             ; Auto-Generated Megafunction  ; D:/code-file/FPGA/HC_SR041/seg/prj/db/lpm_divide_ghm.tdf                                  ;         ;
; db/sign_div_unsign_8kh.tdf       ; yes             ; Auto-Generated Megafunction  ; D:/code-file/FPGA/HC_SR041/seg/prj/db/sign_div_unsign_8kh.tdf                             ;         ;
; db/alt_u_div_44f.tdf             ; yes             ; Auto-Generated Megafunction  ; D:/code-file/FPGA/HC_SR041/seg/prj/db/alt_u_div_44f.tdf                                   ;         ;
; db/lpm_divide_j9m.tdf            ; yes             ; Auto-Generated Megafunction  ; D:/code-file/FPGA/HC_SR041/seg/prj/db/lpm_divide_j9m.tdf                                  ;         ;
; db/lpm_divide_lcm.tdf            ; yes             ; Auto-Generated Megafunction  ; D:/code-file/FPGA/HC_SR041/seg/prj/db/lpm_divide_lcm.tdf                                  ;         ;
; db/lpm_divide_0jm.tdf            ; yes             ; Auto-Generated Megafunction  ; D:/code-file/FPGA/HC_SR041/seg/prj/db/lpm_divide_0jm.tdf                                  ;         ;
; db/sign_div_unsign_olh.tdf       ; yes             ; Auto-Generated Megafunction  ; D:/code-file/FPGA/HC_SR041/seg/prj/db/sign_div_unsign_olh.tdf                             ;         ;
; db/alt_u_div_47f.tdf             ; yes             ; Auto-Generated Megafunction  ; D:/code-file/FPGA/HC_SR041/seg/prj/db/alt_u_div_47f.tdf                                   ;         ;
; db/lpm_divide_hhm.tdf            ; yes             ; Auto-Generated Megafunction  ; D:/code-file/FPGA/HC_SR041/seg/prj/db/lpm_divide_hhm.tdf                                  ;         ;
; db/sign_div_unsign_9kh.tdf       ; yes             ; Auto-Generated Megafunction  ; D:/code-file/FPGA/HC_SR041/seg/prj/db/sign_div_unsign_9kh.tdf                             ;         ;
; db/alt_u_div_64f.tdf             ; yes             ; Auto-Generated Megafunction  ; D:/code-file/FPGA/HC_SR041/seg/prj/db/alt_u_div_64f.tdf                                   ;         ;
; db/lpm_divide_k9m.tdf            ; yes             ; Auto-Generated Megafunction  ; D:/code-file/FPGA/HC_SR041/seg/prj/db/lpm_divide_k9m.tdf                                  ;         ;
; db/lpm_divide_3bm.tdf            ; yes             ; Auto-Generated Megafunction  ; D:/code-file/FPGA/HC_SR041/seg/prj/db/lpm_divide_3bm.tdf                                  ;         ;
+----------------------------------+-----------------+------------------------------+-------------------------------------------------------------------------------------------+---------+


+---------------------------------------------------------+
; Analysis & Synthesis Resource Usage Summary             ;
+---------------------------------------------+-----------+
; Resource                                    ; Usage     ;
+---------------------------------------------+-----------+
; Estimated Total logic elements              ; 964       ;
;                                             ;           ;
; Total combinational functions               ; 958       ;
; Logic element usage by number of LUT inputs ;           ;
;     -- 4 input functions                    ; 253       ;
;     -- 3 input functions                    ; 227       ;
;     -- <=2 input functions                  ; 478       ;
;                                             ;           ;
; Logic elements by mode                      ;           ;
;     -- normal mode                          ; 677       ;
;     -- arithmetic mode                      ; 281       ;
;                                             ;           ;
; Total registers                             ; 66        ;
;     -- Dedicated logic registers            ; 66        ;
;     -- I/O registers                        ; 0         ;
;                                             ;           ;
; I/O pins                                    ; 18        ;
;                                             ;           ;
; Embedded Multiplier 9-bit elements          ; 0         ;
;                                             ;           ;
; Maximum fan-out node                        ; clk~input ;
; Maximum fan-out                             ; 66        ;
; Total fan-out                               ; 2791      ;
; Average fan-out                             ; 2.63      ;
+---------------------------------------------+-----------+


+----------------------------------------------------------------------------------------------------------------------------------------------------------------------------------------------------------------------------------------------------------------------------------------------------------------------------------------------------+
; Analysis & Synthesis Resource Utilization by Entity                                                                                                                                                                                                                                                                                                ;
+-------------------------------------------+---------------------+---------------------------+-------------+--------------+---------+-----------+------+--------------+----------------------------------------------------------------------------------------------------------------------------------------+---------------------+--------------+
; Compilation Hierarchy Node                ; Combinational ALUTs ; Dedicated Logic Registers ; Memory Bits ; DSP Elements ; DSP 9x9 ; DSP 18x18 ; Pins ; Virtual Pins ; Full Hierarchy Name                                                                                                                    ; Entity Name         ; Library Name ;
+-------------------------------------------+---------------------+---------------------------+-------------+--------------+---------+-----------+------+--------------+----------------------------------------------------------------------------------------------------------------------------------------+---------------------+--------------+
; |digital_clock                            ; 958 (0)             ; 66 (0)                    ; 0           ; 0            ; 0       ; 0         ; 18   ; 0            ; |digital_clock                                                                                                                         ; digital_clock       ; work         ;
;    |counter:u_counter|                    ; 720 (86)            ; 41 (41)                   ; 0           ; 0            ; 0       ; 0         ; 0    ; 0            ; |digital_clock|counter:u_counter                                                                                                       ; counter             ; work         ;
;       |lpm_divide:Div0|                   ; 176 (0)             ; 0 (0)                     ; 0           ; 0            ; 0       ; 0         ; 0    ; 0            ; |digital_clock|counter:u_counter|lpm_divide:Div0                                                                                       ; lpm_divide          ; work         ;
;          |lpm_divide_ikm:auto_generated|  ; 176 (0)             ; 0 (0)                     ; 0           ; 0            ; 0       ; 0         ; 0    ; 0            ; |digital_clock|counter:u_counter|lpm_divide:Div0|lpm_divide_ikm:auto_generated                                                         ; lpm_divide_ikm      ; work         ;
;             |sign_div_unsign_anh:divider| ; 176 (0)             ; 0 (0)                     ; 0           ; 0            ; 0       ; 0         ; 0    ; 0            ; |digital_clock|counter:u_counter|lpm_divide:Div0|lpm_divide_ikm:auto_generated|sign_div_unsign_anh:divider                             ; sign_div_unsign_anh ; work         ;
;                |alt_u_div_8af:divider|    ; 176 (176)           ; 0 (0)                     ; 0           ; 0            ; 0       ; 0         ; 0    ; 0            ; |digital_clock|counter:u_counter|lpm_divide:Div0|lpm_divide_ikm:auto_generated|sign_div_unsign_anh:divider|alt_u_div_8af:divider       ; alt_u_div_8af       ; work         ;
;       |lpm_divide:Div1|                   ; 122 (0)             ; 0 (0)                     ; 0           ; 0            ; 0       ; 0         ; 0    ; 0            ; |digital_clock|counter:u_counter|lpm_divide:Div1                                                                                       ; lpm_divide          ; work         ;
;          |lpm_divide_0jm:auto_generated|  ; 122 (0)             ; 0 (0)                     ; 0           ; 0            ; 0       ; 0         ; 0    ; 0            ; |digital_clock|counter:u_counter|lpm_divide:Div1|lpm_divide_0jm:auto_generated                                                         ; lpm_divide_0jm      ; work         ;
;             |sign_div_unsign_olh:divider| ; 122 (0)             ; 0 (0)                     ; 0           ; 0            ; 0       ; 0         ; 0    ; 0            ; |digital_clock|counter:u_counter|lpm_divide:Div1|lpm_divide_0jm:auto_generated|sign_div_unsign_olh:divider                             ; sign_div_unsign_olh ; work         ;
;                |alt_u_div_47f:divider|    ; 122 (122)           ; 0 (0)                     ; 0           ; 0            ; 0       ; 0         ; 0    ; 0            ; |digital_clock|counter:u_counter|lpm_divide:Div1|lpm_divide_0jm:auto_generated|sign_div_unsign_olh:divider|alt_u_div_47f:divider       ; alt_u_div_47f       ; work         ;
;       |lpm_divide:Mod0|                   ; 208 (0)             ; 0 (0)                     ; 0           ; 0            ; 0       ; 0         ; 0    ; 0            ; |digital_clock|counter:u_counter|lpm_divide:Mod0                                                                                       ; lpm_divide          ; work         ;
;          |lpm_divide_lcm:auto_generated|  ; 208 (0)             ; 0 (0)                     ; 0           ; 0            ; 0       ; 0         ; 0    ; 0            ; |digital_clock|counter:u_counter|lpm_divide:Mod0|lpm_divide_lcm:auto_generated                                                         ; lpm_divide_lcm      ; work         ;
;             |sign_div_unsign_anh:divider| ; 208 (0)             ; 0 (0)                     ; 0           ; 0            ; 0       ; 0         ; 0    ; 0            ; |digital_clock|counter:u_counter|lpm_divide:Mod0|lpm_divide_lcm:auto_generated|sign_div_unsign_anh:divider                             ; sign_div_unsign_anh ; work         ;
;                |alt_u_div_8af:divider|    ; 208 (208)           ; 0 (0)                     ; 0           ; 0            ; 0       ; 0         ; 0    ; 0            ; |digital_clock|counter:u_counter|lpm_divide:Mod0|lpm_divide_lcm:auto_generated|sign_div_unsign_anh:divider|alt_u_div_8af:divider       ; alt_u_div_8af       ; work         ;
;       |lpm_divide:Mod1|                   ; 128 (0)             ; 0 (0)                     ; 0           ; 0            ; 0       ; 0         ; 0    ; 0            ; |digital_clock|counter:u_counter|lpm_divide:Mod1                                                                                       ; lpm_divide          ; work         ;
;          |lpm_divide_3bm:auto_generated|  ; 128 (0)             ; 0 (0)                     ; 0           ; 0            ; 0       ; 0         ; 0    ; 0            ; |digital_clock|counter:u_counter|lpm_divide:Mod1|lpm_divide_3bm:auto_generated                                                         ; lpm_divide_3bm      ; work         ;
;             |sign_div_unsign_olh:divider| ; 128 (0)             ; 0 (0)                     ; 0           ; 0            ; 0       ; 0         ; 0    ; 0            ; |digital_clock|counter:u_counter|lpm_divide:Mod1|lpm_divide_3bm:auto_generated|sign_div_unsign_olh:divider                             ; sign_div_unsign_olh ; work         ;
;                |alt_u_div_47f:divider|    ; 128 (128)           ; 0 (0)                     ; 0           ; 0            ; 0       ; 0         ; 0    ; 0            ; |digital_clock|counter:u_counter|lpm_divide:Mod1|lpm_divide_3bm:auto_generated|sign_div_unsign_olh:divider|alt_u_div_47f:divider       ; alt_u_div_47f       ; work         ;
;    |seg_driver:u_seg_driver|              ; 238 (66)            ; 25 (25)                   ; 0           ; 0            ; 0       ; 0         ; 0    ; 0            ; |digital_clock|seg_driver:u_seg_driver                                                                                                 ; seg_driver          ; work         ;
;       |lpm_divide:Div0|                   ; 32 (0)              ; 0 (0)                     ; 0           ; 0            ; 0       ; 0         ; 0    ; 0            ; |digital_clock|seg_driver:u_seg_driver|lpm_divide:Div0                                                                                 ; lpm_divide          ; work         ;
;          |lpm_divide_hhm:auto_generated|  ; 32 (0)              ; 0 (0)                     ; 0           ; 0            ; 0       ; 0         ; 0    ; 0            ; |digital_clock|seg_driver:u_seg_driver|lpm_divide:Div0|lpm_divide_hhm:auto_generated                                                   ; lpm_divide_hhm      ; work         ;
;             |sign_div_unsign_9kh:divider| ; 32 (0)              ; 0 (0)                     ; 0           ; 0            ; 0       ; 0         ; 0    ; 0            ; |digital_clock|seg_driver:u_seg_driver|lpm_divide:Div0|lpm_divide_hhm:auto_generated|sign_div_unsign_9kh:divider                       ; sign_div_unsign_9kh ; work         ;
;                |alt_u_div_64f:divider|    ; 32 (32)             ; 0 (0)                     ; 0           ; 0            ; 0       ; 0         ; 0    ; 0            ; |digital_clock|seg_driver:u_seg_driver|lpm_divide:Div0|lpm_divide_hhm:auto_generated|sign_div_unsign_9kh:divider|alt_u_div_64f:divider ; alt_u_div_64f       ; work         ;
;       |lpm_divide:Div1|                   ; 32 (0)              ; 0 (0)                     ; 0           ; 0            ; 0       ; 0         ; 0    ; 0            ; |digital_clock|seg_driver:u_seg_driver|lpm_divide:Div1                                                                                 ; lpm_divide          ; work         ;
;          |lpm_divide_hhm:auto_generated|  ; 32 (0)              ; 0 (0)                     ; 0           ; 0            ; 0       ; 0         ; 0    ; 0            ; |digital_clock|seg_driver:u_seg_driver|lpm_divide:Div1|lpm_divide_hhm:auto_generated                                                   ; lpm_divide_hhm      ; work         ;
;             |sign_div_unsign_9kh:divider| ; 32 (0)              ; 0 (0)                     ; 0           ; 0            ; 0       ; 0         ; 0    ; 0            ; |digital_clock|seg_driver:u_seg_driver|lpm_divide:Div1|lpm_divide_hhm:auto_generated|sign_div_unsign_9kh:divider                       ; sign_div_unsign_9kh ; work         ;
;                |alt_u_div_64f:divider|    ; 32 (32)             ; 0 (0)                     ; 0           ; 0            ; 0       ; 0         ; 0    ; 0            ; |digital_clock|seg_driver:u_seg_driver|lpm_divide:Div1|lpm_divide_hhm:auto_generated|sign_div_unsign_9kh:divider|alt_u_div_64f:divider ; alt_u_div_64f       ; work         ;
;       |lpm_divide:Div2|                   ; 18 (0)              ; 0 (0)                     ; 0           ; 0            ; 0       ; 0         ; 0    ; 0            ; |digital_clock|seg_driver:u_seg_driver|lpm_divide:Div2                                                                                 ; lpm_divide          ; work         ;
;          |lpm_divide_ghm:auto_generated|  ; 18 (0)              ; 0 (0)                     ; 0           ; 0            ; 0       ; 0         ; 0    ; 0            ; |digital_clock|seg_driver:u_seg_driver|lpm_divide:Div2|lpm_divide_ghm:auto_generated                                                   ; lpm_divide_ghm      ; work         ;
;             |sign_div_unsign_8kh:divider| ; 18 (0)              ; 0 (0)                     ; 0           ; 0            ; 0       ; 0         ; 0    ; 0            ; |digital_clock|seg_driver:u_seg_driver|lpm_divide:Div2|lpm_divide_ghm:auto_generated|sign_div_unsign_8kh:divider                       ; sign_div_unsign_8kh ; work         ;
;                |alt_u_div_44f:divider|    ; 18 (18)             ; 0 (0)                     ; 0           ; 0            ; 0       ; 0         ; 0    ; 0            ; |digital_clock|seg_driver:u_seg_driver|lpm_divide:Div2|lpm_divide_ghm:auto_generated|sign_div_unsign_8kh:divider|alt_u_div_44f:divider ; alt_u_div_44f       ; work         ;
;       |lpm_divide:Mod0|                   ; 34 (0)              ; 0 (0)                     ; 0           ; 0            ; 0       ; 0         ; 0    ; 0            ; |digital_clock|seg_driver:u_seg_driver|lpm_divide:Mod0                                                                                 ; lpm_divide          ; work         ;
;          |lpm_divide_k9m:auto_generated|  ; 34 (0)              ; 0 (0)                     ; 0           ; 0            ; 0       ; 0         ; 0    ; 0            ; |digital_clock|seg_driver:u_seg_driver|lpm_divide:Mod0|lpm_divide_k9m:auto_generated                                                   ; lpm_divide_k9m      ; work         ;
;             |sign_div_unsign_9kh:divider| ; 34 (0)              ; 0 (0)                     ; 0           ; 0            ; 0       ; 0         ; 0    ; 0            ; |digital_clock|seg_driver:u_seg_driver|lpm_divide:Mod0|lpm_divide_k9m:auto_generated|sign_div_unsign_9kh:divider                       ; sign_div_unsign_9kh ; work         ;
;                |alt_u_div_64f:divider|    ; 34 (34)             ; 0 (0)                     ; 0           ; 0            ; 0       ; 0         ; 0    ; 0            ; |digital_clock|seg_driver:u_seg_driver|lpm_divide:Mod0|lpm_divide_k9m:auto_generated|sign_div_unsign_9kh:divider|alt_u_div_64f:divider ; alt_u_div_64f       ; work         ;
;       |lpm_divide:Mod1|                   ; 35 (0)              ; 0 (0)                     ; 0           ; 0            ; 0       ; 0         ; 0    ; 0            ; |digital_clock|seg_driver:u_seg_driver|lpm_divide:Mod1                                                                                 ; lpm_divide          ; work         ;
;          |lpm_divide_k9m:auto_generated|  ; 35 (0)              ; 0 (0)                     ; 0           ; 0            ; 0       ; 0         ; 0    ; 0            ; |digital_clock|seg_driver:u_seg_driver|lpm_divide:Mod1|lpm_divide_k9m:auto_generated                                                   ; lpm_divide_k9m      ; work         ;
;             |sign_div_unsign_9kh:divider| ; 35 (0)              ; 0 (0)                     ; 0           ; 0            ; 0       ; 0         ; 0    ; 0            ; |digital_clock|seg_driver:u_seg_driver|lpm_divide:Mod1|lpm_divide_k9m:auto_generated|sign_div_unsign_9kh:divider                       ; sign_div_unsign_9kh ; work         ;
;                |alt_u_div_64f:divider|    ; 35 (35)             ; 0 (0)                     ; 0           ; 0            ; 0       ; 0         ; 0    ; 0            ; |digital_clock|seg_driver:u_seg_driver|lpm_divide:Mod1|lpm_divide_k9m:auto_generated|sign_div_unsign_9kh:divider|alt_u_div_64f:divider ; alt_u_div_64f       ; work         ;
;       |lpm_divide:Mod2|                   ; 21 (0)              ; 0 (0)                     ; 0           ; 0            ; 0       ; 0         ; 0    ; 0            ; |digital_clock|seg_driver:u_seg_driver|lpm_divide:Mod2                                                                                 ; lpm_divide          ; work         ;
;          |lpm_divide_j9m:auto_generated|  ; 21 (0)              ; 0 (0)                     ; 0           ; 0            ; 0       ; 0         ; 0    ; 0            ; |digital_clock|seg_driver:u_seg_driver|lpm_divide:Mod2|lpm_divide_j9m:auto_generated                                                   ; lpm_divide_j9m      ; work         ;
;             |sign_div_unsign_8kh:divider| ; 21 (0)              ; 0 (0)                     ; 0           ; 0            ; 0       ; 0         ; 0    ; 0            ; |digital_clock|seg_driver:u_seg_driver|lpm_divide:Mod2|lpm_divide_j9m:auto_generated|sign_div_unsign_8kh:divider                       ; sign_div_unsign_8kh ; work         ;
;                |alt_u_div_44f:divider|    ; 21 (21)             ; 0 (0)                     ; 0           ; 0            ; 0       ; 0         ; 0    ; 0            ; |digital_clock|seg_driver:u_seg_driver|lpm_divide:Mod2|lpm_divide_j9m:auto_generated|sign_div_unsign_8kh:divider|alt_u_div_44f:divider ; alt_u_div_44f       ; work         ;
+-------------------------------------------+---------------------+---------------------------+-------------+--------------+---------+-----------+------+--------------+----------------------------------------------------------------------------------------------------------------------------------------+---------------------+--------------+
Note: For table entries with two numbers listed, the numbers in parentheses indicate the number of resources of the given type used by the specific entity alone. The numbers listed outside of parentheses indicate the total resources of the given type used by the specific entity and all of its sub-entities in the hierarchy.


+------------------------------------------------------------------------------------+
; Registers Removed During Synthesis                                                 ;
+---------------------------------------+--------------------------------------------+
; Register name                         ; Reason for Removal                         ;
+---------------------------------------+--------------------------------------------+
; seg_driver:u_seg_driver|seg_ment[7]   ; Stuck at VCC due to stuck port data_in     ;
; counter:u_counter|cnt_sec[0]          ; Merged with seg_driver:u_seg_driver|cnt[0] ;
; counter:u_counter|cnt_sec[1]          ; Merged with seg_driver:u_seg_driver|cnt[1] ;
; Total Number of Removed Registers = 3 ;                                            ;
+---------------------------------------+--------------------------------------------+


+------------------------------------------------------+
; General Register Statistics                          ;
+----------------------------------------------+-------+
; Statistic                                    ; Value ;
+----------------------------------------------+-------+
; Total registers                              ; 66    ;
; Number of registers using Synchronous Clear  ; 0     ;
; Number of registers using Synchronous Load   ; 0     ;
; Number of registers using Asynchronous Clear ; 66    ;
; Number of registers using Asynchronous Load  ; 0     ;
; Number of registers using Clock Enable       ; 8     ;
; Number of registers using Preset             ; 0     ;
+----------------------------------------------+-------+


+--------------------------------------------------+
; Inverted Register Statistics                     ;
+----------------------------------------+---------+
; Inverted Register                      ; Fan out ;
+----------------------------------------+---------+
; seg_driver:u_seg_driver|seg_sel[7]     ; 6       ;
; seg_driver:u_seg_driver|seg_ment[6]    ; 1       ;
; Total number of inverted registers = 2 ;         ;
+----------------------------------------+---------+


+----------------------------------------------------------------------------------------------------------------------------------------------------------------+
; Multiplexer Restructuring Statistics (Restructuring Performed)                                                                                                 ;
+--------------------+-----------+---------------+----------------------+------------------------+------------+--------------------------------------------------+
; Multiplexer Inputs ; Bus Width ; Baseline Area ; Area if Restructured ; Saving if Restructured ; Registered ; Example Multiplexer Output                       ;
+--------------------+-----------+---------------+----------------------+------------------------+------------+--------------------------------------------------+
; 3:1                ; 17 bits   ; 34 LEs        ; 17 LEs               ; 17 LEs                 ; Yes        ; |digital_clock|counter:u_counter|cnt_time[11]    ;
; 256:1              ; 2 bits    ; 340 LEs       ; 8 LEs                ; 332 LEs                ; No         ; |digital_clock|seg_driver:u_seg_driver|Selector2 ;
+--------------------+-----------+---------------+----------------------+------------------------+------------+--------------------------------------------------+


+-------------------------------------------------------------------------------+
; Parameter Settings for User Entity Instance: Top-level Entity: |digital_clock ;
+----------------+----------------------------+---------------------------------+
; Parameter Name ; Value                      ; Type                            ;
+----------------+----------------------------+---------------------------------+
; MAX_NUM        ; 10111110101111000001111111 ; Unsigned Binary                 ;
; TOTAL_SEC      ; 10101000101111111          ; Unsigned Binary                 ;
; CNT_20US       ; 1111100111                 ; Unsigned Binary                 ;
+----------------+----------------------------+---------------------------------+
Note: In order to hide this table in the UI and the text report file, please set the "Show Parameter Settings in Synthesis Report" option in "Analysis and Synthesis Settings -> More Settings" to "Off".


+----------------------------------------------------------------+
; Parameter Settings for User Entity Instance: counter:u_counter ;
+----------------+----------------------------+------------------+
; Parameter Name ; Value                      ; Type             ;
+----------------+----------------------------+------------------+
; MAX_NUM        ; 10111110101111000001111111 ; Unsigned Binary  ;
; TOTAL_SEC      ; 10101000101111111          ; Unsigned Binary  ;
+----------------+----------------------------+------------------+
Note: In order to hide this table in the UI and the text report file, please set the "Show Parameter Settings in Synthesis Report" option in "Analysis and Synthesis Settings -> More Settings" to "Off".


+----------------------------------------------------------------------+
; Parameter Settings for User Entity Instance: seg_driver:u_seg_driver ;
+----------------+------------+----------------------------------------+
; Parameter Name ; Value      ; Type                                   ;
+----------------+------------+----------------------------------------+
; CNT_20US       ; 1111100111 ; Unsigned Binary                        ;
+----------------+------------+----------------------------------------+
Note: In order to hide this table in the UI and the text report file, please set the "Show Parameter Settings in Synthesis Report" option in "Analysis and Synthesis Settings -> More Settings" to "Off".


+------------------------------------------------------------------------------------+
; Parameter Settings for Inferred Entity Instance: counter:u_counter|lpm_divide:Div0 ;
+------------------------+----------------+------------------------------------------+
; Parameter Name         ; Value          ; Type                                     ;
+------------------------+----------------+------------------------------------------+
; LPM_WIDTHN             ; 17             ; Untyped                                  ;
; LPM_WIDTHD             ; 12             ; Untyped                                  ;
; LPM_NREPRESENTATION    ; UNSIGNED       ; Untyped                                  ;
; LPM_DREPRESENTATION    ; UNSIGNED       ; Untyped                                  ;
; LPM_PIPELINE           ; 0              ; Untyped                                  ;
; LPM_REMAINDERPOSITIVE  ; TRUE           ; Untyped                                  ;
; MAXIMIZE_SPEED         ; 5              ; Untyped                                  ;
; CBXI_PARAMETER         ; lpm_divide_ikm ; Untyped                                  ;
; CARRY_CHAIN            ; MANUAL         ; Untyped                                  ;
; OPTIMIZE_FOR_SPEED     ; 5              ; Untyped                                  ;
; AUTO_CARRY_CHAINS      ; ON             ; AUTO_CARRY                               ;
; IGNORE_CARRY_BUFFERS   ; OFF            ; IGNORE_CARRY                             ;
; AUTO_CASCADE_CHAINS    ; ON             ; AUTO_CASCADE                             ;
; IGNORE_CASCADE_BUFFERS ; OFF            ; IGNORE_CASCADE                           ;
+------------------------+----------------+------------------------------------------+
Note: In order to hide this table in the UI and the text report file, please set the "Show Parameter Settings in Synthesis Report" option in "Analysis and Synthesis Settings -> More Settings" to "Off".


+------------------------------------------------------------------------------------------+
; Parameter Settings for Inferred Entity Instance: seg_driver:u_seg_driver|lpm_divide:Div2 ;
+------------------------+----------------+------------------------------------------------+
; Parameter Name         ; Value          ; Type                                           ;
+------------------------+----------------+------------------------------------------------+
; LPM_WIDTHN             ; 5              ; Untyped                                        ;
; LPM_WIDTHD             ; 4              ; Untyped                                        ;
; LPM_NREPRESENTATION    ; UNSIGNED       ; Untyped                                        ;
; LPM_DREPRESENTATION    ; UNSIGNED       ; Untyped                                        ;
; LPM_PIPELINE           ; 0              ; Untyped                                        ;
; LPM_REMAINDERPOSITIVE  ; TRUE           ; Untyped                                        ;
; MAXIMIZE_SPEED         ; 5              ; Untyped                                        ;
; CBXI_PARAMETER         ; lpm_divide_ghm ; Untyped                                        ;
; CARRY_CHAIN            ; MANUAL         ; Untyped                                        ;
; OPTIMIZE_FOR_SPEED     ; 5              ; Untyped                                        ;
; AUTO_CARRY_CHAINS      ; ON             ; AUTO_CARRY                                     ;
; IGNORE_CARRY_BUFFERS   ; OFF            ; IGNORE_CARRY                                   ;
; AUTO_CASCADE_CHAINS    ; ON             ; AUTO_CASCADE                                   ;
; IGNORE_CASCADE_BUFFERS ; OFF            ; IGNORE_CASCADE                                 ;
+------------------------+----------------+------------------------------------------------+
Note: In order to hide this table in the UI and the text report file, please set the "Show Parameter Settings in Synthesis Report" option in "Analysis and Synthesis Settings -> More Settings" to "Off".


+------------------------------------------------------------------------------------------+
; Parameter Settings for Inferred Entity Instance: seg_driver:u_seg_driver|lpm_divide:Mod2 ;
+------------------------+----------------+------------------------------------------------+
; Parameter Name         ; Value          ; Type                                           ;
+------------------------+----------------+------------------------------------------------+
; LPM_WIDTHN             ; 5              ; Untyped                                        ;
; LPM_WIDTHD             ; 4              ; Untyped                                        ;
; LPM_NREPRESENTATION    ; UNSIGNED       ; Untyped                                        ;
; LPM_DREPRESENTATION    ; UNSIGNED       ; Untyped                                        ;
; LPM_PIPELINE           ; 0              ; Untyped                                        ;
; LPM_REMAINDERPOSITIVE  ; TRUE           ; Untyped                                        ;
; MAXIMIZE_SPEED         ; 5              ; Untyped                                        ;
; CBXI_PARAMETER         ; lpm_divide_j9m ; Untyped                                        ;
; CARRY_CHAIN            ; MANUAL         ; Untyped                                        ;
; OPTIMIZE_FOR_SPEED     ; 5              ; Untyped                                        ;
; AUTO_CARRY_CHAINS      ; ON             ; AUTO_CARRY                                     ;
; IGNORE_CARRY_BUFFERS   ; OFF            ; IGNORE_CARRY                                   ;
; AUTO_CASCADE_CHAINS    ; ON             ; AUTO_CASCADE                                   ;
; IGNORE_CASCADE_BUFFERS ; OFF            ; IGNORE_CASCADE                                 ;
+------------------------+----------------+------------------------------------------------+
Note: In order to hide this table in the UI and the text report file, please set the "Show Parameter Settings in Synthesis Report" option in "Analysis and Synthesis Settings -> More Settings" to "Off".


+------------------------------------------------------------------------------------+
; Parameter Settings for Inferred Entity Instance: counter:u_counter|lpm_divide:Mod0 ;
+------------------------+----------------+------------------------------------------+
; Parameter Name         ; Value          ; Type                                     ;
+------------------------+----------------+------------------------------------------+
; LPM_WIDTHN             ; 17             ; Untyped                                  ;
; LPM_WIDTHD             ; 12             ; Untyped                                  ;
; LPM_NREPRESENTATION    ; UNSIGNED       ; Untyped                                  ;
; LPM_DREPRESENTATION    ; UNSIGNED       ; Untyped                                  ;
; LPM_PIPELINE           ; 0              ; Untyped                                  ;
; LPM_REMAINDERPOSITIVE  ; TRUE           ; Untyped                                  ;
; MAXIMIZE_SPEED         ; 5              ; Untyped                                  ;
; CBXI_PARAMETER         ; lpm_divide_lcm ; Untyped                                  ;
; CARRY_CHAIN            ; MANUAL         ; Untyped                                  ;
; OPTIMIZE_FOR_SPEED     ; 5              ; Untyped                                  ;
; AUTO_CARRY_CHAINS      ; ON             ; AUTO_CARRY                               ;
; IGNORE_CARRY_BUFFERS   ; OFF            ; IGNORE_CARRY                             ;
; AUTO_CASCADE_CHAINS    ; ON             ; AUTO_CASCADE                             ;
; IGNORE_CASCADE_BUFFERS ; OFF            ; IGNORE_CASCADE                           ;
+------------------------+----------------+------------------------------------------+
Note: In order to hide this table in the UI and the text report file, please set the "Show Parameter Settings in Synthesis Report" option in "Analysis and Synthesis Settings -> More Settings" to "Off".


+------------------------------------------------------------------------------------+
; Parameter Settings for Inferred Entity Instance: counter:u_counter|lpm_divide:Div1 ;
+------------------------+----------------+------------------------------------------+
; Parameter Name         ; Value          ; Type                                     ;
+------------------------+----------------+------------------------------------------+
; LPM_WIDTHN             ; 12             ; Untyped                                  ;
; LPM_WIDTHD             ; 6              ; Untyped                                  ;
; LPM_NREPRESENTATION    ; UNSIGNED       ; Untyped                                  ;
; LPM_DREPRESENTATION    ; UNSIGNED       ; Untyped                                  ;
; LPM_PIPELINE           ; 0              ; Untyped                                  ;
; LPM_REMAINDERPOSITIVE  ; TRUE           ; Untyped                                  ;
; MAXIMIZE_SPEED         ; 5              ; Untyped                                  ;
; CBXI_PARAMETER         ; lpm_divide_0jm ; Untyped                                  ;
; CARRY_CHAIN            ; MANUAL         ; Untyped                                  ;
; OPTIMIZE_FOR_SPEED     ; 5              ; Untyped                                  ;
; AUTO_CARRY_CHAINS      ; ON             ; AUTO_CARRY                               ;
; IGNORE_CARRY_BUFFERS   ; OFF            ; IGNORE_CARRY                             ;
; AUTO_CASCADE_CHAINS    ; ON             ; AUTO_CASCADE                             ;
; IGNORE_CASCADE_BUFFERS ; OFF            ; IGNORE_CASCADE                           ;
+------------------------+----------------+------------------------------------------+
Note: In order to hide this table in the UI and the text report file, please set the "Show Parameter Settings in Synthesis Report" option in "Analysis and Synthesis Settings -> More Settings" to "Off".


+------------------------------------------------------------------------------------------+
; Parameter Settings for Inferred Entity Instance: seg_driver:u_seg_driver|lpm_divide:Div1 ;
+------------------------+----------------+------------------------------------------------+
; Parameter Name         ; Value          ; Type                                           ;
+------------------------+----------------+------------------------------------------------+
; LPM_WIDTHN             ; 6              ; Untyped                                        ;
; LPM_WIDTHD             ; 4              ; Untyped                                        ;
; LPM_NREPRESENTATION    ; UNSIGNED       ; Untyped                                        ;
; LPM_DREPRESENTATION    ; UNSIGNED       ; Untyped                                        ;
; LPM_PIPELINE           ; 0              ; Untyped                                        ;
; LPM_REMAINDERPOSITIVE  ; TRUE           ; Untyped                                        ;
; MAXIMIZE_SPEED         ; 5              ; Untyped                                        ;
; CBXI_PARAMETER         ; lpm_divide_hhm ; Untyped                                        ;
; CARRY_CHAIN            ; MANUAL         ; Untyped                                        ;
; OPTIMIZE_FOR_SPEED     ; 5              ; Untyped                                        ;
; AUTO_CARRY_CHAINS      ; ON             ; AUTO_CARRY                                     ;
; IGNORE_CARRY_BUFFERS   ; OFF            ; IGNORE_CARRY                                   ;
; AUTO_CASCADE_CHAINS    ; ON             ; AUTO_CASCADE                                   ;
; IGNORE_CASCADE_BUFFERS ; OFF            ; IGNORE_CASCADE                                 ;
+------------------------+----------------+------------------------------------------------+
Note: In order to hide this table in the UI and the text report file, please set the "Show Parameter Settings in Synthesis Report" option in "Analysis and Synthesis Settings -> More Settings" to "Off".


+------------------------------------------------------------------------------------------+
; Parameter Settings for Inferred Entity Instance: seg_driver:u_seg_driver|lpm_divide:Mod1 ;
+------------------------+----------------+------------------------------------------------+
; Parameter Name         ; Value          ; Type                                           ;
+------------------------+----------------+------------------------------------------------+
; LPM_WIDTHN             ; 6              ; Untyped                                        ;
; LPM_WIDTHD             ; 4              ; Untyped                                        ;
; LPM_NREPRESENTATION    ; UNSIGNED       ; Untyped                                        ;
; LPM_DREPRESENTATION    ; UNSIGNED       ; Untyped                                        ;
; LPM_PIPELINE           ; 0              ; Untyped                                        ;
; LPM_REMAINDERPOSITIVE  ; TRUE           ; Untyped                                        ;
; MAXIMIZE_SPEED         ; 5              ; Untyped                                        ;
; CBXI_PARAMETER         ; lpm_divide_k9m ; Untyped                                        ;
; CARRY_CHAIN            ; MANUAL         ; Untyped                                        ;
; OPTIMIZE_FOR_SPEED     ; 5              ; Untyped                                        ;
; AUTO_CARRY_CHAINS      ; ON             ; AUTO_CARRY                                     ;
; IGNORE_CARRY_BUFFERS   ; OFF            ; IGNORE_CARRY                                   ;
; AUTO_CASCADE_CHAINS    ; ON             ; AUTO_CASCADE                                   ;
; IGNORE_CASCADE_BUFFERS ; OFF            ; IGNORE_CASCADE                                 ;
+------------------------+----------------+------------------------------------------------+
Note: In order to hide this table in the UI and the text report file, please set the "Show Parameter Settings in Synthesis Report" option in "Analysis and Synthesis Settings -> More Settings" to "Off".


+------------------------------------------------------------------------------------+
; Parameter Settings for Inferred Entity Instance: counter:u_counter|lpm_divide:Mod1 ;
+------------------------+----------------+------------------------------------------+
; Parameter Name         ; Value          ; Type                                     ;
+------------------------+----------------+------------------------------------------+
; LPM_WIDTHN             ; 12             ; Untyped                                  ;
; LPM_WIDTHD             ; 6              ; Untyped                                  ;
; LPM_NREPRESENTATION    ; UNSIGNED       ; Untyped                                  ;
; LPM_DREPRESENTATION    ; UNSIGNED       ; Untyped                                  ;
; LPM_PIPELINE           ; 0              ; Untyped                                  ;
; LPM_REMAINDERPOSITIVE  ; TRUE           ; Untyped                                  ;
; MAXIMIZE_SPEED         ; 5              ; Untyped                                  ;
; CBXI_PARAMETER         ; lpm_divide_3bm ; Untyped                                  ;
; CARRY_CHAIN            ; MANUAL         ; Untyped                                  ;
; OPTIMIZE_FOR_SPEED     ; 5              ; Untyped                                  ;
; AUTO_CARRY_CHAINS      ; ON             ; AUTO_CARRY                               ;
; IGNORE_CARRY_BUFFERS   ; OFF            ; IGNORE_CARRY                             ;
; AUTO_CASCADE_CHAINS    ; ON             ; AUTO_CASCADE                             ;
; IGNORE_CASCADE_BUFFERS ; OFF            ; IGNORE_CASCADE                           ;
+------------------------+----------------+------------------------------------------+
Note: In order to hide this table in the UI and the text report file, please set the "Show Parameter Settings in Synthesis Report" option in "Analysis and Synthesis Settings -> More Settings" to "Off".


+------------------------------------------------------------------------------------------+
; Parameter Settings for Inferred Entity Instance: seg_driver:u_seg_driver|lpm_divide:Div0 ;
+------------------------+----------------+------------------------------------------------+
; Parameter Name         ; Value          ; Type                                           ;
+------------------------+----------------+------------------------------------------------+
; LPM_WIDTHN             ; 6              ; Untyped                                        ;
; LPM_WIDTHD             ; 4              ; Untyped                                        ;
; LPM_NREPRESENTATION    ; UNSIGNED       ; Untyped                                        ;
; LPM_DREPRESENTATION    ; UNSIGNED       ; Untyped                                        ;
; LPM_PIPELINE           ; 0              ; Untyped                                        ;
; LPM_REMAINDERPOSITIVE  ; TRUE           ; Untyped                                        ;
; MAXIMIZE_SPEED         ; 5              ; Untyped                                        ;
; CBXI_PARAMETER         ; lpm_divide_hhm ; Untyped                                        ;
; CARRY_CHAIN            ; MANUAL         ; Untyped                                        ;
; OPTIMIZE_FOR_SPEED     ; 5              ; Untyped                                        ;
; AUTO_CARRY_CHAINS      ; ON             ; AUTO_CARRY                                     ;
; IGNORE_CARRY_BUFFERS   ; OFF            ; IGNORE_CARRY                                   ;
; AUTO_CASCADE_CHAINS    ; ON             ; AUTO_CASCADE                                   ;
; IGNORE_CASCADE_BUFFERS ; OFF            ; IGNORE_CASCADE                                 ;
+------------------------+----------------+------------------------------------------------+
Note: In order to hide this table in the UI and the text report file, please set the "Show Parameter Settings in Synthesis Report" option in "Analysis and Synthesis Settings -> More Settings" to "Off".


+------------------------------------------------------------------------------------------+
; Parameter Settings for Inferred Entity Instance: seg_driver:u_seg_driver|lpm_divide:Mod0 ;
+------------------------+----------------+------------------------------------------------+
; Parameter Name         ; Value          ; Type                                           ;
+------------------------+----------------+------------------------------------------------+
; LPM_WIDTHN             ; 6              ; Untyped                                        ;
; LPM_WIDTHD             ; 4              ; Untyped                                        ;
; LPM_NREPRESENTATION    ; UNSIGNED       ; Untyped                                        ;
; LPM_DREPRESENTATION    ; UNSIGNED       ; Untyped                                        ;
; LPM_PIPELINE           ; 0              ; Untyped                                        ;
; LPM_REMAINDERPOSITIVE  ; TRUE           ; Untyped                                        ;
; MAXIMIZE_SPEED         ; 5              ; Untyped                                        ;
; CBXI_PARAMETER         ; lpm_divide_k9m ; Untyped                                        ;
; CARRY_CHAIN            ; MANUAL         ; Untyped                                        ;
; OPTIMIZE_FOR_SPEED     ; 5              ; Untyped                                        ;
; AUTO_CARRY_CHAINS      ; ON             ; AUTO_CARRY                                     ;
; IGNORE_CARRY_BUFFERS   ; OFF            ; IGNORE_CARRY                                   ;
; AUTO_CASCADE_CHAINS    ; ON             ; AUTO_CASCADE                                   ;
; IGNORE_CASCADE_BUFFERS ; OFF            ; IGNORE_CASCADE                                 ;
+------------------------+----------------+------------------------------------------------+
Note: In order to hide this table in the UI and the text report file, please set the "Show Parameter Settings in Synthesis Report" option in "Analysis and Synthesis Settings -> More Settings" to "Off".


+-----------------------------------------------------+
; Post-Synthesis Netlist Statistics for Top Partition ;
+-----------------------+-----------------------------+
; Type                  ; Count                       ;
+-----------------------+-----------------------------+
; boundary_port         ; 18                          ;
; cycloneiii_ff         ; 66                          ;
;     CLR               ; 58                          ;
;     ENA CLR           ; 8                           ;
; cycloneiii_lcell_comb ; 961                         ;
;     arith             ; 281                         ;
;         2 data inputs ; 76                          ;
;         3 data inputs ; 205                         ;
;     normal            ; 680                         ;
;         0 data inputs ; 43                          ;
;         1 data inputs ; 15                          ;
;         2 data inputs ; 347                         ;
;         3 data inputs ; 22                          ;
;         4 data inputs ; 253                         ;
;                       ;                             ;
; Max LUT depth         ; 46.80                       ;
; Average LUT depth     ; 31.90                       ;
+-----------------------+-----------------------------+


+-------------------------------+
; Elapsed Time Per Partition    ;
+----------------+--------------+
; Partition Name ; Elapsed Time ;
+----------------+--------------+
; Top            ; 00:00:03     ;
+----------------+--------------+


+-------------------------------+
; Analysis & Synthesis Messages ;
+-------------------------------+
Info: *******************************************************************
Info: Running Quartus Prime Analysis & Synthesis
    Info: Version 18.1.0 Build 625 09/12/2018 SJ Standard Edition
    Info: Processing started: Fri May 19 11:51:06 2023
Info: Command: quartus_map --read_settings_files=on --write_settings_files=off digital_clock -c digital_clock
Warning (18236): Number of processors has not been specified which may cause overloading on shared machines.  Set the global assignment NUM_PARALLEL_PROCESSORS in your QSF to an appropriate value for best performance.
Info (20030): Parallel compilation is enabled and will use 8 of the 8 processors detected
Info (12021): Found 1 design units, including 1 entities, in source file /code-file/fpga/hc_sr041/seg/src/seg_driver.v
    Info (12023): Found entity 1: seg_driver File: D:/code-file/FPGA/HC_SR041/seg/src/seg_driver.v Line: 1
Info (12021): Found 1 design units, including 1 entities, in source file /code-file/fpga/hc_sr041/seg/src/digital_clock.v
    Info (12023): Found entity 1: digital_clock File: D:/code-file/FPGA/HC_SR041/seg/src/digital_clock.v Line: 1
Info (12021): Found 1 design units, including 1 entities, in source file /code-file/fpga/hc_sr041/seg/src/counter.v
    Info (12023): Found entity 1: counter File: D:/code-file/FPGA/HC_SR041/seg/src/counter.v Line: 1
Info (12127): Elaborating entity "digital_clock" for the top level hierarchy
Info (12128): Elaborating entity "counter" for hierarchy "counter:u_counter" File: D:/code-file/FPGA/HC_SR041/seg/src/digital_clock.v Line: 26
Warning (10230): Verilog HDL assignment warning at counter.v(47): truncated value with size 17 to match size of target (5) File: D:/code-file/FPGA/HC_SR041/seg/src/counter.v Line: 47
Warning (10230): Verilog HDL assignment warning at counter.v(48): truncated value with size 17 to match size of target (6) File: D:/code-file/FPGA/HC_SR041/seg/src/counter.v Line: 48
Warning (10230): Verilog HDL assignment warning at counter.v(49): truncated value with size 17 to match size of target (6) File: D:/code-file/FPGA/HC_SR041/seg/src/counter.v Line: 49
Info (12128): Elaborating entity "seg_driver" for hierarchy "seg_driver:u_seg_driver" File: D:/code-file/FPGA/HC_SR041/seg/src/digital_clock.v Line: 38
Info (10264): Verilog HDL Case Statement information at seg_driver.v(50): all case item expressions in this case statement are onehot File: D:/code-file/FPGA/HC_SR041/seg/src/seg_driver.v Line: 50
Warning (10230): Verilog HDL assignment warning at seg_driver.v(85): truncated value with size 6 to match size of target (4) File: D:/code-file/FPGA/HC_SR041/seg/src/seg_driver.v Line: 85
Warning (10230): Verilog HDL assignment warning at seg_driver.v(86): truncated value with size 6 to match size of target (3) File: D:/code-file/FPGA/HC_SR041/seg/src/seg_driver.v Line: 86
Warning (10230): Verilog HDL assignment warning at seg_driver.v(87): truncated value with size 6 to match size of target (4) File: D:/code-file/FPGA/HC_SR041/seg/src/seg_driver.v Line: 87
Warning (10230): Verilog HDL assignment warning at seg_driver.v(88): truncated value with size 6 to match size of target (3) File: D:/code-file/FPGA/HC_SR041/seg/src/seg_driver.v Line: 88
Warning (10230): Verilog HDL assignment warning at seg_driver.v(89): truncated value with size 5 to match size of target (2) File: D:/code-file/FPGA/HC_SR041/seg/src/seg_driver.v Line: 89
Warning (10230): Verilog HDL assignment warning at seg_driver.v(90): truncated value with size 5 to match size of target (2) File: D:/code-file/FPGA/HC_SR041/seg/src/seg_driver.v Line: 90
Info (278001): Inferred 10 megafunctions from design logic
    Info (278004): Inferred divider/modulo megafunction ("lpm_divide") from the following logic: "counter:u_counter|Div0" File: D:/code-file/FPGA/HC_SR041/seg/src/counter.v Line: 47
    Info (278004): Inferred divider/modulo megafunction ("lpm_divide") from the following logic: "seg_driver:u_seg_driver|Div2" File: D:/code-file/FPGA/HC_SR041/seg/src/seg_driver.v Line: 90
    Info (278004): Inferred divider/modulo megafunction ("lpm_divide") from the following logic: "seg_driver:u_seg_driver|Mod2" File: D:/code-file/FPGA/HC_SR041/seg/src/seg_driver.v Line: 89
    Info (278004): Inferred divider/modulo megafunction ("lpm_divide") from the following logic: "counter:u_counter|Mod0" File: D:/code-file/FPGA/HC_SR041/seg/src/counter.v Line: 48
    Info (278004): Inferred divider/modulo megafunction ("lpm_divide") from the following logic: "counter:u_counter|Div1" File: D:/code-file/FPGA/HC_SR041/seg/src/counter.v Line: 48
    Info (278004): Inferred divider/modulo megafunction ("lpm_divide") from the following logic: "seg_driver:u_seg_driver|Div1" File: D:/code-file/FPGA/HC_SR041/seg/src/seg_driver.v Line: 88
    Info (278004): Inferred divider/modulo megafunction ("lpm_divide") from the following logic: "seg_driver:u_seg_driver|Mod1" File: D:/code-file/FPGA/HC_SR041/seg/src/seg_driver.v Line: 87
    Info (278004): Inferred divider/modulo megafunction ("lpm_divide") from the following logic: "counter:u_counter|Mod1" File: D:/code-file/FPGA/HC_SR041/seg/src/counter.v Line: 49
    Info (278004): Inferred divider/modulo megafunction ("lpm_divide") from the following logic: "seg_driver:u_seg_driver|Div0" File: D:/code-file/FPGA/HC_SR041/seg/src/seg_driver.v Line: 86
    Info (278004): Inferred divider/modulo megafunction ("lpm_divide") from the following logic: "seg_driver:u_seg_driver|Mod0" File: D:/code-file/FPGA/HC_SR041/seg/src/seg_driver.v Line: 85
Info (12130): Elaborated megafunction instantiation "counter:u_counter|lpm_divide:Div0" File: D:/code-file/FPGA/HC_SR041/seg/src/counter.v Line: 47
Info (12133): Instantiated megafunction "counter:u_counter|lpm_divide:Div0" with the following parameter: File: D:/code-file/FPGA/HC_SR041/seg/src/counter.v Line: 47
    Info (12134): Parameter "LPM_WIDTHN" = "17"
    Info (12134): Parameter "LPM_WIDTHD" = "12"
    Info (12134): Parameter "LPM_NREPRESENTATION" = "UNSIGNED"
    Info (12134): Parameter "LPM_DREPRESENTATION" = "UNSIGNED"
Info (12021): Found 1 design units, including 1 entities, in source file db/lpm_divide_ikm.tdf
    Info (12023): Found entity 1: lpm_divide_ikm File: D:/code-file/FPGA/HC_SR041/seg/prj/db/lpm_divide_ikm.tdf Line: 24
Info (12021): Found 1 design units, including 1 entities, in source file db/sign_div_unsign_anh.tdf
    Info (12023): Found entity 1: sign_div_unsign_anh File: D:/code-file/FPGA/HC_SR041/seg/prj/db/sign_div_unsign_anh.tdf Line: 24
Info (12021): Found 1 design units, including 1 entities, in source file db/alt_u_div_8af.tdf
    Info (12023): Found entity 1: alt_u_div_8af File: D:/code-file/FPGA/HC_SR041/seg/prj/db/alt_u_div_8af.tdf Line: 26
Info (12021): Found 1 design units, including 1 entities, in source file db/add_sub_7pc.tdf
    Info (12023): Found entity 1: add_sub_7pc File: D:/code-file/FPGA/HC_SR041/seg/prj/db/add_sub_7pc.tdf Line: 22
Info (12021): Found 1 design units, including 1 entities, in source file db/add_sub_8pc.tdf
    Info (12023): Found entity 1: add_sub_8pc File: D:/code-file/FPGA/HC_SR041/seg/prj/db/add_sub_8pc.tdf Line: 22
Info (12130): Elaborated megafunction instantiation "seg_driver:u_seg_driver|lpm_divide:Div2" File: D:/code-file/FPGA/HC_SR041/seg/src/seg_driver.v Line: 90
Info (12133): Instantiated megafunction "seg_driver:u_seg_driver|lpm_divide:Div2" with the following parameter: File: D:/code-file/FPGA/HC_SR041/seg/src/seg_driver.v Line: 90
    Info (12134): Parameter "LPM_WIDTHN" = "5"
    Info (12134): Parameter "LPM_WIDTHD" = "4"
    Info (12134): Parameter "LPM_NREPRESENTATION" = "UNSIGNED"
    Info (12134): Parameter "LPM_DREPRESENTATION" = "UNSIGNED"
Info (12021): Found 1 design units, including 1 entities, in source file db/lpm_divide_ghm.tdf
    Info (12023): Found entity 1: lpm_divide_ghm File: D:/code-file/FPGA/HC_SR041/seg/prj/db/lpm_divide_ghm.tdf Line: 24
Info (12021): Found 1 design units, including 1 entities, in source file db/sign_div_unsign_8kh.tdf
    Info (12023): Found entity 1: sign_div_unsign_8kh File: D:/code-file/FPGA/HC_SR041/seg/prj/db/sign_div_unsign_8kh.tdf Line: 24
Info (12021): Found 1 design units, including 1 entities, in source file db/alt_u_div_44f.tdf
    Info (12023): Found entity 1: alt_u_div_44f File: D:/code-file/FPGA/HC_SR041/seg/prj/db/alt_u_div_44f.tdf Line: 26
Info (12130): Elaborated megafunction instantiation "seg_driver:u_seg_driver|lpm_divide:Mod2" File: D:/code-file/FPGA/HC_SR041/seg/src/seg_driver.v Line: 89
Info (12133): Instantiated megafunction "seg_driver:u_seg_driver|lpm_divide:Mod2" with the following parameter: File: D:/code-file/FPGA/HC_SR041/seg/src/seg_driver.v Line: 89
    Info (12134): Parameter "LPM_WIDTHN" = "5"
    Info (12134): Parameter "LPM_WIDTHD" = "4"
    Info (12134): Parameter "LPM_NREPRESENTATION" = "UNSIGNED"
    Info (12134): Parameter "LPM_DREPRESENTATION" = "UNSIGNED"
Info (12021): Found 1 design units, including 1 entities, in source file db/lpm_divide_j9m.tdf
    Info (12023): Found entity 1: lpm_divide_j9m File: D:/code-file/FPGA/HC_SR041/seg/prj/db/lpm_divide_j9m.tdf Line: 24
Info (12130): Elaborated megafunction instantiation "counter:u_counter|lpm_divide:Mod0" File: D:/code-file/FPGA/HC_SR041/seg/src/counter.v Line: 48
Info (12133): Instantiated megafunction "counter:u_counter|lpm_divide:Mod0" with the following parameter: File: D:/code-file/FPGA/HC_SR041/seg/src/counter.v Line: 48
    Info (12134): Parameter "LPM_WIDTHN" = "17"
    Info (12134): Parameter "LPM_WIDTHD" = "12"
    Info (12134): Parameter "LPM_NREPRESENTATION" = "UNSIGNED"
    Info (12134): Parameter "LPM_DREPRESENTATION" = "UNSIGNED"
Info (12021): Found 1 design units, including 1 entities, in source file db/lpm_divide_lcm.tdf
    Info (12023): Found entity 1: lpm_divide_lcm File: D:/code-file/FPGA/HC_SR041/seg/prj/db/lpm_divide_lcm.tdf Line: 24
Info (12130): Elaborated megafunction instantiation "counter:u_counter|lpm_divide:Div1" File: D:/code-file/FPGA/HC_SR041/seg/src/counter.v Line: 48
Info (12133): Instantiated megafunction "counter:u_counter|lpm_divide:Div1" with the following parameter: File: D:/code-file/FPGA/HC_SR041/seg/src/counter.v Line: 48
    Info (12134): Parameter "LPM_WIDTHN" = "12"
    Info (12134): Parameter "LPM_WIDTHD" = "6"
    Info (12134): Parameter "LPM_NREPRESENTATION" = "UNSIGNED"
    Info (12134): Parameter "LPM_DREPRESENTATION" = "UNSIGNED"
Info (12021): Found 1 design units, including 1 entities, in source file db/lpm_divide_0jm.tdf
    Info (12023): Found entity 1: lpm_divide_0jm File: D:/code-file/FPGA/HC_SR041/seg/prj/db/lpm_divide_0jm.tdf Line: 24
Info (12021): Found 1 design units, including 1 entities, in source file db/sign_div_unsign_olh.tdf
    Info (12023): Found entity 1: sign_div_unsign_olh File: D:/code-file/FPGA/HC_SR041/seg/prj/db/sign_div_unsign_olh.tdf Line: 24
Info (12021): Found 1 design units, including 1 entities, in source file db/alt_u_div_47f.tdf
    Info (12023): Found entity 1: alt_u_div_47f File: D:/code-file/FPGA/HC_SR041/seg/prj/db/alt_u_div_47f.tdf Line: 26
Info (12130): Elaborated megafunction instantiation "seg_driver:u_seg_driver|lpm_divide:Div1" File: D:/code-file/FPGA/HC_SR041/seg/src/seg_driver.v Line: 88
Info (12133): Instantiated megafunction "seg_driver:u_seg_driver|lpm_divide:Div1" with the following parameter: File: D:/code-file/FPGA/HC_SR041/seg/src/seg_driver.v Line: 88
    Info (12134): Parameter "LPM_WIDTHN" = "6"
    Info (12134): Parameter "LPM_WIDTHD" = "4"
    Info (12134): Parameter "LPM_NREPRESENTATION" = "UNSIGNED"
    Info (12134): Parameter "LPM_DREPRESENTATION" = "UNSIGNED"
Info (12021): Found 1 design units, including 1 entities, in source file db/lpm_divide_hhm.tdf
    Info (12023): Found entity 1: lpm_divide_hhm File: D:/code-file/FPGA/HC_SR041/seg/prj/db/lpm_divide_hhm.tdf Line: 24
Info (12021): Found 1 design units, including 1 entities, in source file db/sign_div_unsign_9kh.tdf
    Info (12023): Found entity 1: sign_div_unsign_9kh File: D:/code-file/FPGA/HC_SR041/seg/prj/db/sign_div_unsign_9kh.tdf Line: 24
Info (12021): Found 1 design units, including 1 entities, in source file db/alt_u_div_64f.tdf
    Info (12023): Found entity 1: alt_u_div_64f File: D:/code-file/FPGA/HC_SR041/seg/prj/db/alt_u_div_64f.tdf Line: 26
Info (12130): Elaborated megafunction instantiation "seg_driver:u_seg_driver|lpm_divide:Mod1" File: D:/code-file/FPGA/HC_SR041/seg/src/seg_driver.v Line: 87
Info (12133): Instantiated megafunction "seg_driver:u_seg_driver|lpm_divide:Mod1" with the following parameter: File: D:/code-file/FPGA/HC_SR041/seg/src/seg_driver.v Line: 87
    Info (12134): Parameter "LPM_WIDTHN" = "6"
    Info (12134): Parameter "LPM_WIDTHD" = "4"
    Info (12134): Parameter "LPM_NREPRESENTATION" = "UNSIGNED"
    Info (12134): Parameter "LPM_DREPRESENTATION" = "UNSIGNED"
Info (12021): Found 1 design units, including 1 entities, in source file db/lpm_divide_k9m.tdf
    Info (12023): Found entity 1: lpm_divide_k9m File: D:/code-file/FPGA/HC_SR041/seg/prj/db/lpm_divide_k9m.tdf Line: 24
Info (12130): Elaborated megafunction instantiation "counter:u_counter|lpm_divide:Mod1" File: D:/code-file/FPGA/HC_SR041/seg/src/counter.v Line: 49
Info (12133): Instantiated megafunction "counter:u_counter|lpm_divide:Mod1" with the following parameter: File: D:/code-file/FPGA/HC_SR041/seg/src/counter.v Line: 49
    Info (12134): Parameter "LPM_WIDTHN" = "12"
    Info (12134): Parameter "LPM_WIDTHD" = "6"
    Info (12134): Parameter "LPM_NREPRESENTATION" = "UNSIGNED"
    Info (12134): Parameter "LPM_DREPRESENTATION" = "UNSIGNED"
Info (12021): Found 1 design units, including 1 entities, in source file db/lpm_divide_3bm.tdf
    Info (12023): Found entity 1: lpm_divide_3bm File: D:/code-file/FPGA/HC_SR041/seg/prj/db/lpm_divide_3bm.tdf Line: 24
Info (13000): Registers with preset signals will power-up high File: D:/code-file/FPGA/HC_SR041/seg/src/seg_driver.v Line: 40
Info (13003): DEV_CLRn pin will set, and not reset, register with preset signal due to NOT Gate Push-Back
Warning (13024): Output pins are stuck at VCC or GND
    Warning (13410): Pin "seg_ment[7]" is stuck at VCC File: D:/code-file/FPGA/HC_SR041/seg/src/digital_clock.v Line: 8
Info (286030): Timing-Driven Synthesis is running
Info (17016): Found the following redundant logic cells in design
    Info (17048): Logic cell "seg_driver:u_seg_driver|lpm_divide:Div2|lpm_divide_ghm:auto_generated|sign_div_unsign_8kh:divider|alt_u_div_44f:divider|add_sub_3_result_int[0]~8" File: D:/code-file/FPGA/HC_SR041/seg/prj/db/alt_u_div_44f.tdf Line: 41
    Info (17048): Logic cell "seg_driver:u_seg_driver|lpm_divide:Mod2|lpm_divide_j9m:auto_generated|sign_div_unsign_8kh:divider|alt_u_div_44f:divider|add_sub_4_result_int[0]~0" File: D:/code-file/FPGA/HC_SR041/seg/prj/db/alt_u_div_44f.tdf Line: 46
    Info (17048): Logic cell "seg_driver:u_seg_driver|lpm_divide:Mod2|lpm_divide_j9m:auto_generated|sign_div_unsign_8kh:divider|alt_u_div_44f:divider|add_sub_3_result_int[0]~8" File: D:/code-file/FPGA/HC_SR041/seg/prj/db/alt_u_div_44f.tdf Line: 41
    Info (17048): Logic cell "seg_driver:u_seg_driver|lpm_divide:Div1|lpm_divide_hhm:auto_generated|sign_div_unsign_9kh:divider|alt_u_div_64f:divider|add_sub_3_result_int[0]~8" File: D:/code-file/FPGA/HC_SR041/seg/prj/db/alt_u_div_64f.tdf Line: 41
    Info (17048): Logic cell "seg_driver:u_seg_driver|lpm_divide:Div1|lpm_divide_hhm:auto_generated|sign_div_unsign_9kh:divider|alt_u_div_64f:divider|add_sub_4_result_int[0]~10" File: D:/code-file/FPGA/HC_SR041/seg/prj/db/alt_u_div_64f.tdf Line: 46
    Info (17048): Logic cell "seg_driver:u_seg_driver|lpm_divide:Mod1|lpm_divide_k9m:auto_generated|sign_div_unsign_9kh:divider|alt_u_div_64f:divider|add_sub_5_result_int[0]~0" File: D:/code-file/FPGA/HC_SR041/seg/prj/db/alt_u_div_64f.tdf Line: 51
    Info (17048): Logic cell "seg_driver:u_seg_driver|lpm_divide:Mod1|lpm_divide_k9m:auto_generated|sign_div_unsign_9kh:divider|alt_u_div_64f:divider|add_sub_3_result_int[0]~8" File: D:/code-file/FPGA/HC_SR041/seg/prj/db/alt_u_div_64f.tdf Line: 41
    Info (17048): Logic cell "seg_driver:u_seg_driver|lpm_divide:Mod1|lpm_divide_k9m:auto_generated|sign_div_unsign_9kh:divider|alt_u_div_64f:divider|add_sub_4_result_int[0]~10" File: D:/code-file/FPGA/HC_SR041/seg/prj/db/alt_u_div_64f.tdf Line: 46
Info (16010): Generating hard_block partition "hard_block:auto_generated_inst"
    Info (16011): Adding 0 node(s), including 0 DDIO, 0 PLL, 0 transceiver and 0 LCELL
Info (21057): Implemented 982 device resources after synthesis - the final resource count might be different
    Info (21058): Implemented 2 input pins
    Info (21059): Implemented 16 output pins
    Info (21061): Implemented 964 logic cells
Info: Quartus Prime Analysis & Synthesis was successful. 0 errors, 12 warnings
    Info: Peak virtual memory: 4823 megabytes
    Info: Processing ended: Fri May 19 11:51:23 2023
    Info: Elapsed time: 00:00:17
    Info: Total CPU time (on all processors): 00:00:15


